<?xml version="1.0" encoding="UTF-8"?>
<testng-results skipped="0" failed="0" total="8" passed="8">
  <reporter-output>
  </reporter-output>
  <suite name="Default suite" duration-ms="13700" started-at="2019-06-06T10:59:18Z" finished-at="2019-06-06T10:59:31Z">
    <groups>
      <group name="createInvite">
        <method signature="CreateInvite.NopermissioncreateInvitePhone()[pri:0, instance:InviteTesting.CreateInvite@21362712]" name="NopermissioncreateInvitePhone" class="InviteTesting.CreateInvite"/>
        <method signature="CreateInvite.createInviteEmail()[pri:0, instance:InviteTesting.CreateInvite@21362712]" name="createInviteEmail" class="InviteTesting.CreateInvite"/>
        <method signature="CreateInvite.createInviteIncorrectDate()[pri:0, instance:InviteTesting.CreateInvite@21362712]" name="createInviteIncorrectDate" class="InviteTesting.CreateInvite"/>
        <method signature="CreateInvite.createInviteInvalidEmail()[pri:0, instance:InviteTesting.CreateInvite@21362712]" name="createInviteInvalidEmail" class="InviteTesting.CreateInvite"/>
        <method signature="CreateInvite.createInviteInvalidPhone()[pri:0, instance:InviteTesting.CreateInvite@21362712]" name="createInviteInvalidPhone" class="InviteTesting.CreateInvite"/>
        <method signature="CreateInvite.createInvitePastvalidTill()[pri:0, instance:InviteTesting.CreateInvite@21362712]" name="createInvitePastvalidTill" class="InviteTesting.CreateInvite"/>
        <method signature="CreateInvite.createInvitePhone()[pri:0, instance:InviteTesting.CreateInvite@21362712]" name="createInvitePhone" class="InviteTesting.CreateInvite"/>
        <method signature="CreateInvite.invalidToken()[pri:0, instance:InviteTesting.CreateInvite@21362712]" name="invalidToken" class="InviteTesting.CreateInvite"/>
      </group> <!-- createInvite -->
    </groups>
    <test name="Default test" duration-ms="13700" started-at="2019-06-06T10:59:18Z" finished-at="2019-06-06T10:59:31Z">
      <class name="InviteTesting.CreateInvite">
        <test-method status="PASS" signature="NopermissioncreateInvitePhone()[pri:0, instance:InviteTesting.CreateInvite@21362712]" name="NopermissioncreateInvitePhone" duration-ms="1988" started-at="2019-06-06T16:29:18Z" finished-at="2019-06-06T16:29:20Z">
          <reporter-output>
          </reporter-output>
        </test-method> <!-- NopermissioncreateInvitePhone -->
        <test-method status="PASS" signature="createInviteEmail()[pri:0, instance:InviteTesting.CreateInvite@21362712]" name="createInviteEmail" duration-ms="1769" started-at="2019-06-06T16:29:20Z" finished-at="2019-06-06T16:29:21Z">
          <reporter-output>
          </reporter-output>
        </test-method> <!-- createInviteEmail -->
        <test-method status="PASS" signature="createInviteIncorrectDate()[pri:0, instance:InviteTesting.CreateInvite@21362712]" name="createInviteIncorrectDate" duration-ms="1610" started-at="2019-06-06T16:29:21Z" finished-at="2019-06-06T16:29:23Z">
          <reporter-output>
          </reporter-output>
        </test-method> <!-- createInviteIncorrectDate -->
        <test-method status="PASS" signature="createInviteInvalidEmail()[pri:0, instance:InviteTesting.CreateInvite@21362712]" name="createInviteInvalidEmail" duration-ms="1639" started-at="2019-06-06T16:29:23Z" finished-at="2019-06-06T16:29:25Z">
          <reporter-output>
          </reporter-output>
        </test-method> <!-- createInviteInvalidEmail -->
        <test-method status="PASS" signature="createInviteInvalidPhone()[pri:0, instance:InviteTesting.CreateInvite@21362712]" name="createInviteInvalidPhone" duration-ms="1606" started-at="2019-06-06T16:29:25Z" finished-at="2019-06-06T16:29:26Z">
          <reporter-output>
          </reporter-output>
        </test-method> <!-- createInviteInvalidPhone -->
        <test-method status="PASS" signature="createInvitePastvalidTill()[pri:0, instance:InviteTesting.CreateInvite@21362712]" name="createInvitePastvalidTill" duration-ms="1688" started-at="2019-06-06T16:29:26Z" finished-at="2019-06-06T16:29:28Z">
          <reporter-output>
          </reporter-output>
        </test-method> <!-- createInvitePastvalidTill -->
        <test-method status="PASS" signature="createInvitePhone()[pri:0, instance:InviteTesting.CreateInvite@21362712]" name="createInvitePhone" duration-ms="1719" started-at="2019-06-06T16:29:28Z" finished-at="2019-06-06T16:29:30Z">
          <reporter-output>
          </reporter-output>
        </test-method> <!-- createInvitePhone -->
        <test-method status="PASS" signature="invalidToken()[pri:0, instance:InviteTesting.CreateInvite@21362712]" name="invalidToken" duration-ms="1629" started-at="2019-06-06T16:29:30Z" finished-at="2019-06-06T16:29:31Z">
          <reporter-output>
          </reporter-output>
        </test-method> <!-- invalidToken -->
      </class> <!-- InviteTesting.CreateInvite -->
    </test> <!-- Default test -->
  </suite> <!-- Default suite -->
</testng-results>
